01-28 17:31:18 com_github_MitjaNemec_PlaceFootprints.action_place_footprints 674:Plugin executed on: 'win32'
01-28 17:31:18 com_github_MitjaNemec_PlaceFootprints.action_place_footprints 675:Plugin executed with python version: '3.11.5 (main, Nov  6 2025, 07:48:09) [MSC v.1944 64 bit (AMD64)]'
01-28 17:31:18 com_github_MitjaNemec_PlaceFootprints.action_place_footprints 676:KiCad build version: 9.0.7
01-28 17:31:18 com_github_MitjaNemec_PlaceFootprints.action_place_footprints 677:Plugin version: 4.0.1
01-28 17:31:18 com_github_MitjaNemec_PlaceFootprints.action_place_footprints 678:Frame repr: <wx._core.Frame object at 0x0000015D70A95C60>
01-28 17:31:18 com_github_MitjaNemec_PlaceFootprints.place_footprints 121:getting a list of all footprints on board
01-28 17:31:18 com_github_MitjaNemec_PlaceFootprints.place_footprints 156:Footprint U20 on root level
01-28 17:31:18 com_github_MitjaNemec_PlaceFootprints.place_footprints 156:Footprint U18 on root level
01-28 17:31:18 com_github_MitjaNemec_PlaceFootprints.action_place_footprints 717:Reference footprint='J10'
01-28 17:31:20 com_github_MitjaNemec_PlaceFootprints.action_place_footprints 858:Reference designator is: J
01-28 17:31:20 com_github_MitjaNemec_PlaceFootprints.action_place_footprints 859:Reference number is: 10
01-28 17:31:20 com_github_MitjaNemec_PlaceFootprints.action_place_footprints 891:Sorted and filtered list:
['J1', 'J2', 'J3', 'J4', 'J5', 'J6', 'J7', 'J8', 'J9', 'J10', 'J11', 'J12', 'J13', 'J14', 'J15', 'J16', 'J17', 'J18', 'J19', 'J20']
01-28 17:31:21 com_github_MitjaNemec_PlaceFootprints.action_place_footprints 376:wx.Colour(240, 240, 240, 255)
01-28 17:31:32 com_github_MitjaNemec_PlaceFootprints.action_place_footprints 507:''
01-28 17:31:45 com_github_MitjaNemec_PlaceFootprints.action_place_footprints 507:'0'
01-28 17:31:45 com_github_MitjaNemec_PlaceFootprints.action_place_footprints 553:Preparing config for reference linear
01-28 17:31:45 com_github_MitjaNemec_PlaceFootprints.action_place_footprints 573:Saving config file
01-28 17:31:45 com_github_MitjaNemec_PlaceFootprints.action_place_footprints 575:Saved the config file
01-28 17:31:45 com_github_MitjaNemec_PlaceFootprints.action_place_footprints 929:Footprints to place:
['J1', 'J2', 'J3', 'J4', 'J5', 'J6', 'J7', 'J8', 'J9', 'J10', 'J11', 'J12', 'J13', 'J14', 'J15', 'J16', 'J17', 'J18', 'J19', 'J20']
01-28 17:31:45 com_github_MitjaNemec_PlaceFootprints.place_footprints 396:Starting placing with linear layout
01-28 17:31:45 com_github_MitjaNemec_PlaceFootprints.action_place_footprints 973:Fatal error when executing place footprints
Traceback (most recent call last):
  File "C:\Users\kshit\OneDrive\Documents\KiCad\9.0\3rdparty\\plugins\com_github_MitjaNemec_PlaceFootprints\action_place_footprints.py", line 968, in Run
    placer.place_linear(footprints_to_place, ref_fp_ref, step_x, step_y, step, rotation,
  File "C:\Users\kshit\OneDrive\Documents\KiCad\9.0\3rdparty\\plugins\com_github_MitjaNemec_PlaceFootprints\place_footprints.py", line 423, in place_linear
    self.replicate_fp_text_items(ref_fp, fp)
  File "C:\Users\kshit\OneDrive\Documents\KiCad\9.0\3rdparty\\plugins\com_github_MitjaNemec_PlaceFootprints\place_footprints.py", line 500, in replicate_fp_text_items
    raise LookupError(
LookupError: Footprint: J2 has different number of text items (2)
than selected footprint: J10 (3)
